<?xml version="1.0" encoding="UTF-8"?>
<beans xmlns="http://www.springframework.org/schema/beans" xmlns:xsi="http://www.w3.org/2001/XMLSchema-instance" xmlns:context="http://www.springframework.org/schema/context"
	xmlns:aop="http://www.springframework.org/schema/aop"
	xsi:schemaLocation="http://www.springframework.org/schema/beans 
    http://www.springframework.org/schema/beans/spring-beans.xsd 
    http://www.springframework.org/schema/context 
    http://www.springframework.org/schema/context/spring-context.xsd 
    http://www.springframework.org/schema/aop 
    http://www.springframework.org/schema/aop/spring-aop.xsd">

	<aop:aspectj-autoproxy />
	<context:annotation-config />
	<!-- <context:component-scan base-package="com.kiisoo.*" annotation-config="false" /> -->
	<bean id="propertyPlaceholderConfigurer" class="org.springframework.beans.factory.config.PropertyPlaceholderConfigurer">
		<property name="locations">
			<list>
				<value>classpath:cache.properties</value>
			</list>
		</property>
		<property name="ignoreResourceNotFound" value="true"></property>
	</bean>
	
	<!-- config for datasource -->
<!-- 	<import resource="spring-ds.xml" /> -->
	<!-- config for mybatis -->
<!-- 	<import resource="spring-mybatis.xml" /> -->
	<!-- config for spring -->
<!-- 	<import resource="spring-service.xml" /> -->
	<!-- config for redis -->
	<import resource="test-spring-redis.xml" />
	<!-- config for dubbo -->
<!-- 	<import resource="spring-dubbo-prov.xml" /> -->
	<!-- config for mq -->
<!-- 	<import resource="notify-jms-send.xml" /> -->
	<!-- <import resource="spring-mq.xml" /> -->
	
	<!-- configuration with MVC -->
<!-- 	<import resource="spring-mvc.xml" /> -->
	
</beans>
